[1.301s] Invoking command in '/home/submj/Desktop/serial_driver/serial_driver_ws/src/serial_driver': PYTHONPATH=/home/submj/Desktop/serial_driver/serial_driver_ws/build/serial_driver/prefix_override:/usr/lib/python3/dist-packages/colcon_core/task/python/colcon_distutils_commands:/home/submj/Desktop/serial_driver/serial_driver_ws/install/serial_driver/lib/python3.10/site-packages:${PYTHONPATH} /usr/bin/python3 -W ignore:setup.py install is deprecated -W ignore:easy_install command is deprecated setup.py egg_info --egg-base ../../build/serial_driver build --build-base /home/submj/Desktop/serial_driver/serial_driver_ws/build/serial_driver/build install --record /home/submj/Desktop/serial_driver/serial_driver_ws/build/serial_driver/install.log --single-version-externally-managed install_data
[1.772s] running egg_info
[1.773s] creating ../../build/serial_driver/serial_driver.egg-info
[1.773s] writing ../../build/serial_driver/serial_driver.egg-info/PKG-INFO
[1.774s] writing dependency_links to ../../build/serial_driver/serial_driver.egg-info/dependency_links.txt
[1.774s] writing entry points to ../../build/serial_driver/serial_driver.egg-info/entry_points.txt
[1.774s] writing requirements to ../../build/serial_driver/serial_driver.egg-info/requires.txt
[1.774s] writing top-level names to ../../build/serial_driver/serial_driver.egg-info/top_level.txt
[1.775s] writing manifest file '../../build/serial_driver/serial_driver.egg-info/SOURCES.txt'
[1.778s] reading manifest file '../../build/serial_driver/serial_driver.egg-info/SOURCES.txt'
[1.778s] adding license file 'LICENSE'
[1.779s] writing manifest file '../../build/serial_driver/serial_driver.egg-info/SOURCES.txt'
[1.780s] running build
[1.780s] running build_py
[1.780s] creating /home/submj/Desktop/serial_driver/serial_driver_ws/build/serial_driver/build
[1.780s] creating /home/submj/Desktop/serial_driver/serial_driver_ws/build/serial_driver/build/lib
[1.781s] creating /home/submj/Desktop/serial_driver/serial_driver_ws/build/serial_driver/build/lib/serial_driver
[1.781s] copying serial_driver/__init__.py -> /home/submj/Desktop/serial_driver/serial_driver_ws/build/serial_driver/build/lib/serial_driver
[1.781s] copying serial_driver/serial_node.py -> /home/submj/Desktop/serial_driver/serial_driver_ws/build/serial_driver/build/lib/serial_driver
[1.781s] running install
[1.782s] running install_lib
[1.783s] creating /home/submj/Desktop/serial_driver/serial_driver_ws/install/serial_driver/lib/python3.10/site-packages/serial_driver
[1.783s] copying /home/submj/Desktop/serial_driver/serial_driver_ws/build/serial_driver/build/lib/serial_driver/__init__.py -> /home/submj/Desktop/serial_driver/serial_driver_ws/install/serial_driver/lib/python3.10/site-packages/serial_driver
[1.783s] copying /home/submj/Desktop/serial_driver/serial_driver_ws/build/serial_driver/build/lib/serial_driver/serial_node.py -> /home/submj/Desktop/serial_driver/serial_driver_ws/install/serial_driver/lib/python3.10/site-packages/serial_driver
[1.784s] byte-compiling /home/submj/Desktop/serial_driver/serial_driver_ws/install/serial_driver/lib/python3.10/site-packages/serial_driver/__init__.py to __init__.cpython-310.pyc
[1.785s] byte-compiling /home/submj/Desktop/serial_driver/serial_driver_ws/install/serial_driver/lib/python3.10/site-packages/serial_driver/serial_node.py to serial_node.cpython-310.pyc
[1.785s] running install_data
[1.785s] creating /home/submj/Desktop/serial_driver/serial_driver_ws/install/serial_driver/share/ament_index
[1.785s] creating /home/submj/Desktop/serial_driver/serial_driver_ws/install/serial_driver/share/ament_index/resource_index
[1.786s] creating /home/submj/Desktop/serial_driver/serial_driver_ws/install/serial_driver/share/ament_index/resource_index/packages
[1.786s] copying resource/serial_driver -> /home/submj/Desktop/serial_driver/serial_driver_ws/install/serial_driver/share/ament_index/resource_index/packages
[1.786s] copying /home/submj/Desktop/serial_driver/serial_driver_ws/src/serial_driver/package.xml -> /home/submj/Desktop/serial_driver/serial_driver_ws/install/serial_driver/share/serial_driver
[1.786s] creating /home/submj/Desktop/serial_driver/serial_driver_ws/install/serial_driver/share/serial_driver/config
[1.786s] copying config/serial_config.yaml -> /home/submj/Desktop/serial_driver/serial_driver_ws/install/serial_driver/share/serial_driver/config
[1.786s] creating /home/submj/Desktop/serial_driver/serial_driver_ws/install/serial_driver/share/serial_driver/launch
[1.787s] copying launch/serial_launch.launch.py -> /home/submj/Desktop/serial_driver/serial_driver_ws/install/serial_driver/share/serial_driver/launch
[1.787s] running install_egg_info
[1.790s] Copying ../../build/serial_driver/serial_driver.egg-info to /home/submj/Desktop/serial_driver/serial_driver_ws/install/serial_driver/lib/python3.10/site-packages/serial_driver-0.0.0-py3.10.egg-info
[1.792s] running install_scripts
[1.832s] Installing serial_node script to /home/submj/Desktop/serial_driver/serial_driver_ws/install/serial_driver/lib/serial_driver
[1.833s] writing list of installed files to '/home/submj/Desktop/serial_driver/serial_driver_ws/build/serial_driver/install.log'
[1.906s] Invoked command in '/home/submj/Desktop/serial_driver/serial_driver_ws/src/serial_driver' returned '0': PYTHONPATH=/home/submj/Desktop/serial_driver/serial_driver_ws/build/serial_driver/prefix_override:/usr/lib/python3/dist-packages/colcon_core/task/python/colcon_distutils_commands:/home/submj/Desktop/serial_driver/serial_driver_ws/install/serial_driver/lib/python3.10/site-packages:${PYTHONPATH} /usr/bin/python3 -W ignore:setup.py install is deprecated -W ignore:easy_install command is deprecated setup.py egg_info --egg-base ../../build/serial_driver build --build-base /home/submj/Desktop/serial_driver/serial_driver_ws/build/serial_driver/build install --record /home/submj/Desktop/serial_driver/serial_driver_ws/build/serial_driver/install.log --single-version-externally-managed install_data
