[0.232s] DEBUG:colcon:Command line arguments: ['/usr/bin/colcon', 'build']
[0.233s] DEBUG:colcon:Parsed command line arguments: Namespace(log_base=None, log_level=None, verb_name='build', build_base='build', install_base='install', merge_install=False, symlink_install=False, test_result_base=None, continue_on_error=False, executor='parallel', parallel_workers=6, event_handlers=None, ignore_user_meta=False, metas=['./colcon.meta'], base_paths=['.'], packages_ignore=None, packages_ignore_regex=None, paths=None, packages_up_to=None, packages_up_to_regex=None, packages_above=None, packages_above_and_dependencies=None, packages_above_depth=None, packages_select_by_dep=None, packages_skip_by_dep=None, packages_skip_up_to=None, packages_select_build_failed=False, packages_skip_build_finished=False, packages_select_test_failures=False, packages_skip_test_passed=False, packages_select=None, packages_skip=None, packages_select_regex=None, packages_skip_regex=None, packages_start=None, packages_end=None, allow_overriding=[], cmake_args=None, cmake_target=None, cmake_target_skip_unavailable=False, cmake_clean_cache=False, cmake_clean_first=False, cmake_force_configure=False, ament_cmake_args=None, catkin_cmake_args=None, catkin_skip_building_tests=False, verb_parser=<colcon_defaults.argument_parser.defaults.DefaultArgumentsDecorator object at 0xffffbcebd450>, verb_extension=<colcon_core.verb.build.BuildVerb object at 0xffffbcebc610>, main=<bound method BuildVerb.main of <colcon_core.verb.build.BuildVerb object at 0xffffbcebc610>>)
[0.554s] Level 1:colcon.colcon_core.package_discovery:discover_packages(colcon_meta) check parameters
[0.554s] Level 1:colcon.colcon_core.package_discovery:discover_packages(recursive) check parameters
[0.554s] Level 1:colcon.colcon_core.package_discovery:discover_packages(ignore) check parameters
[0.554s] Level 1:colcon.colcon_core.package_discovery:discover_packages(path) check parameters
[0.554s] Level 1:colcon.colcon_core.package_discovery:discover_packages(colcon_meta) discover
[0.554s] Level 1:colcon.colcon_core.package_discovery:discover_packages(recursive) discover
[0.555s] INFO:colcon.colcon_core.package_discovery:Crawling recursively for packages in '/home/submj/Desktop/serial_driver/serial_driver_ws'
[0.555s] Level 1:colcon.colcon_core.package_identification:_identify(.) by extensions ['ignore', 'ignore_ament_install']
[0.555s] Level 1:colcon.colcon_core.package_identification:_identify(.) by extension 'ignore'
[0.555s] Level 1:colcon.colcon_core.package_identification:_identify(.) by extension 'ignore_ament_install'
[0.555s] Level 1:colcon.colcon_core.package_identification:_identify(.) by extensions ['colcon_pkg']
[0.555s] Level 1:colcon.colcon_core.package_identification:_identify(.) by extension 'colcon_pkg'
[0.555s] Level 1:colcon.colcon_core.package_identification:_identify(.) by extensions ['colcon_meta']
[0.556s] Level 1:colcon.colcon_core.package_identification:_identify(.) by extension 'colcon_meta'
[0.556s] Level 1:colcon.colcon_core.package_identification:_identify(.) by extensions ['ros']
[0.556s] Level 1:colcon.colcon_core.package_identification:_identify(.) by extension 'ros'
[0.576s] Level 1:colcon.colcon_core.package_identification:_identify(.) by extensions ['cmake', 'python']
[0.576s] Level 1:colcon.colcon_core.package_identification:_identify(.) by extension 'cmake'
[0.576s] Level 1:colcon.colcon_core.package_identification:_identify(.) by extension 'python'
[0.576s] Level 1:colcon.colcon_core.package_identification:_identify(.) by extensions ['python_setup_py']
[0.576s] Level 1:colcon.colcon_core.package_identification:_identify(.) by extension 'python_setup_py'
[0.577s] Level 1:colcon.colcon_core.package_identification:_identify(build) by extensions ['ignore', 'ignore_ament_install']
[0.577s] Level 1:colcon.colcon_core.package_identification:_identify(build) by extension 'ignore'
[0.577s] Level 1:colcon.colcon_core.package_identification:_identify(build) ignored
[0.577s] Level 1:colcon.colcon_core.package_identification:_identify(install) by extensions ['ignore', 'ignore_ament_install']
[0.577s] Level 1:colcon.colcon_core.package_identification:_identify(install) by extension 'ignore'
[0.577s] Level 1:colcon.colcon_core.package_identification:_identify(install) ignored
[0.578s] Level 1:colcon.colcon_core.package_identification:_identify(log) by extensions ['ignore', 'ignore_ament_install']
[0.578s] Level 1:colcon.colcon_core.package_identification:_identify(log) by extension 'ignore'
[0.578s] Level 1:colcon.colcon_core.package_identification:_identify(log) ignored
[0.578s] Level 1:colcon.colcon_core.package_identification:_identify(src) by extensions ['ignore', 'ignore_ament_install']
[0.578s] Level 1:colcon.colcon_core.package_identification:_identify(src) by extension 'ignore'
[0.578s] Level 1:colcon.colcon_core.package_identification:_identify(src) by extension 'ignore_ament_install'
[0.578s] Level 1:colcon.colcon_core.package_identification:_identify(src) by extensions ['colcon_pkg']
[0.578s] Level 1:colcon.colcon_core.package_identification:_identify(src) by extension 'colcon_pkg'
[0.579s] Level 1:colcon.colcon_core.package_identification:_identify(src) by extensions ['colcon_meta']
[0.579s] Level 1:colcon.colcon_core.package_identification:_identify(src) by extension 'colcon_meta'
[0.579s] Level 1:colcon.colcon_core.package_identification:_identify(src) by extensions ['ros']
[0.579s] Level 1:colcon.colcon_core.package_identification:_identify(src) by extension 'ros'
[0.579s] Level 1:colcon.colcon_core.package_identification:_identify(src) by extensions ['cmake', 'python']
[0.579s] Level 1:colcon.colcon_core.package_identification:_identify(src) by extension 'cmake'
[0.579s] Level 1:colcon.colcon_core.package_identification:_identify(src) by extension 'python'
[0.579s] Level 1:colcon.colcon_core.package_identification:_identify(src) by extensions ['python_setup_py']
[0.579s] Level 1:colcon.colcon_core.package_identification:_identify(src) by extension 'python_setup_py'
[0.579s] Level 1:colcon.colcon_core.package_identification:_identify(src/serial_driver) by extensions ['ignore', 'ignore_ament_install']
[0.580s] Level 1:colcon.colcon_core.package_identification:_identify(src/serial_driver) by extension 'ignore'
[0.580s] Level 1:colcon.colcon_core.package_identification:_identify(src/serial_driver) by extension 'ignore_ament_install'
[0.580s] Level 1:colcon.colcon_core.package_identification:_identify(src/serial_driver) by extensions ['colcon_pkg']
[0.580s] Level 1:colcon.colcon_core.package_identification:_identify(src/serial_driver) by extension 'colcon_pkg'
[0.580s] Level 1:colcon.colcon_core.package_identification:_identify(src/serial_driver) by extensions ['colcon_meta']
[0.580s] Level 1:colcon.colcon_core.package_identification:_identify(src/serial_driver) by extension 'colcon_meta'
[0.580s] Level 1:colcon.colcon_core.package_identification:_identify(src/serial_driver) by extensions ['ros']
[0.580s] Level 1:colcon.colcon_core.package_identification:_identify(src/serial_driver) by extension 'ros'
[0.585s] DEBUG:colcon.colcon_core.package_identification:Package 'src/serial_driver' with type 'ros.ament_python' and name 'serial_driver'
[0.585s] Level 1:colcon.colcon_core.package_discovery:discover_packages(recursive) using defaults
[0.585s] Level 1:colcon.colcon_core.package_discovery:discover_packages(ignore) discover
[0.585s] Level 1:colcon.colcon_core.package_discovery:discover_packages(ignore) using defaults
[0.585s] Level 1:colcon.colcon_core.package_discovery:discover_packages(path) discover
[0.586s] Level 1:colcon.colcon_core.package_discovery:discover_packages(path) using defaults
[0.649s] Level 1:colcon.colcon_core.package_discovery:discover_packages(prefix_path) check parameters
[0.649s] Level 1:colcon.colcon_core.package_discovery:discover_packages(prefix_path) discover
[0.651s] WARNING:colcon.colcon_ros.prefix_path.ament:The path '/home/submj/Desktop/serial_driver/serial_driver_ws/install/serial_driver' in the environment variable AMENT_PREFIX_PATH doesn't exist
[0.652s] DEBUG:colcon.colcon_installed_package_information.package_discovery:Found 0 installed packages in /home/submj/Desktop/serial_driver/serial_driver_ws/install
[0.655s] DEBUG:colcon.colcon_installed_package_information.package_discovery:Found 376 installed packages in /opt/ros/humble
[0.658s] Level 1:colcon.colcon_core.package_discovery:discover_packages(prefix_path) using defaults
[0.748s] Level 5:colcon.colcon_core.verb:set package 'serial_driver' build argument 'cmake_args' from command line to 'None'
[0.748s] Level 5:colcon.colcon_core.verb:set package 'serial_driver' build argument 'cmake_target' from command line to 'None'
[0.748s] Level 5:colcon.colcon_core.verb:set package 'serial_driver' build argument 'cmake_target_skip_unavailable' from command line to 'False'
[0.748s] Level 5:colcon.colcon_core.verb:set package 'serial_driver' build argument 'cmake_clean_cache' from command line to 'False'
[0.748s] Level 5:colcon.colcon_core.verb:set package 'serial_driver' build argument 'cmake_clean_first' from command line to 'False'
[0.748s] Level 5:colcon.colcon_core.verb:set package 'serial_driver' build argument 'cmake_force_configure' from command line to 'False'
[0.748s] Level 5:colcon.colcon_core.verb:set package 'serial_driver' build argument 'ament_cmake_args' from command line to 'None'
[0.748s] Level 5:colcon.colcon_core.verb:set package 'serial_driver' build argument 'catkin_cmake_args' from command line to 'None'
[0.748s] Level 5:colcon.colcon_core.verb:set package 'serial_driver' build argument 'catkin_skip_building_tests' from command line to 'False'
[0.748s] DEBUG:colcon.colcon_core.verb:Building package 'serial_driver' with the following arguments: {'ament_cmake_args': None, 'build_base': '/home/submj/Desktop/serial_driver/serial_driver_ws/build/serial_driver', 'catkin_cmake_args': None, 'catkin_skip_building_tests': False, 'cmake_args': None, 'cmake_clean_cache': False, 'cmake_clean_first': False, 'cmake_force_configure': False, 'cmake_target': None, 'cmake_target_skip_unavailable': False, 'install_base': '/home/submj/Desktop/serial_driver/serial_driver_ws/install/serial_driver', 'merge_install': False, 'path': '/home/submj/Desktop/serial_driver/serial_driver_ws/src/serial_driver', 'symlink_install': False, 'test_result_base': None}
[0.749s] INFO:colcon.colcon_core.executor:Executing jobs using 'parallel' executor
[0.751s] DEBUG:colcon.colcon_parallel_executor.executor.parallel:run_until_complete
[0.752s] INFO:colcon.colcon_ros.task.ament_python.build:Building ROS package in '/home/submj/Desktop/serial_driver/serial_driver_ws/src/serial_driver' with build type 'ament_python'
[0.752s] Level 1:colcon.colcon_core.shell:create_environment_hook('serial_driver', 'ament_prefix_path')
[0.756s] INFO:colcon.colcon_core.plugin_system:Skipping extension 'colcon_core.shell.bat': Not used on non-Windows systems
[0.756s] INFO:colcon.colcon_core.shell:Creating environment hook '/home/submj/Desktop/serial_driver/serial_driver_ws/install/serial_driver/share/serial_driver/hook/ament_prefix_path.ps1'
[0.758s] INFO:colcon.colcon_core.shell:Creating environment descriptor '/home/submj/Desktop/serial_driver/serial_driver_ws/install/serial_driver/share/serial_driver/hook/ament_prefix_path.dsv'
[0.759s] INFO:colcon.colcon_core.shell:Creating environment hook '/home/submj/Desktop/serial_driver/serial_driver_ws/install/serial_driver/share/serial_driver/hook/ament_prefix_path.sh'
[0.760s] INFO:colcon.colcon_core.shell:Skip shell extension 'powershell' for command environment: Not usable outside of PowerShell
[0.760s] DEBUG:colcon.colcon_core.shell:Skip shell extension 'dsv' for command environment
[1.296s] INFO:colcon.colcon_core.task.python.build:Building Python package in '/home/submj/Desktop/serial_driver/serial_driver_ws/src/serial_driver'
[1.296s] INFO:colcon.colcon_core.shell:Skip shell extension 'powershell' for command environment: Not usable outside of PowerShell
[1.296s] DEBUG:colcon.colcon_core.shell:Skip shell extension 'dsv' for command environment
[2.055s] DEBUG:colcon.colcon_core.event_handler.log_command:Invoking command in '/home/submj/Desktop/serial_driver/serial_driver_ws/src/serial_driver': PYTHONPATH=/home/submj/Desktop/serial_driver/serial_driver_ws/build/serial_driver/prefix_override:/usr/lib/python3/dist-packages/colcon_core/task/python/colcon_distutils_commands:/home/submj/Desktop/serial_driver/serial_driver_ws/install/serial_driver/lib/python3.10/site-packages:${PYTHONPATH} /usr/bin/python3 -W ignore:setup.py install is deprecated -W ignore:easy_install command is deprecated setup.py egg_info --egg-base ../../build/serial_driver build --build-base /home/submj/Desktop/serial_driver/serial_driver_ws/build/serial_driver/build install --record /home/submj/Desktop/serial_driver/serial_driver_ws/build/serial_driver/install.log --single-version-externally-managed install_data
[2.658s] DEBUG:colcon.colcon_core.event_handler.log_command:Invoked command in '/home/submj/Desktop/serial_driver/serial_driver_ws/src/serial_driver' returned '0': PYTHONPATH=/home/submj/Desktop/serial_driver/serial_driver_ws/build/serial_driver/prefix_override:/usr/lib/python3/dist-packages/colcon_core/task/python/colcon_distutils_commands:/home/submj/Desktop/serial_driver/serial_driver_ws/install/serial_driver/lib/python3.10/site-packages:${PYTHONPATH} /usr/bin/python3 -W ignore:setup.py install is deprecated -W ignore:easy_install command is deprecated setup.py egg_info --egg-base ../../build/serial_driver build --build-base /home/submj/Desktop/serial_driver/serial_driver_ws/build/serial_driver/build install --record /home/submj/Desktop/serial_driver/serial_driver_ws/build/serial_driver/install.log --single-version-externally-managed install_data
[2.666s] Level 1:colcon.colcon_core.environment:checking '/home/submj/Desktop/serial_driver/serial_driver_ws/install/serial_driver' for CMake module files
[2.668s] Level 1:colcon.colcon_core.environment:checking '/home/submj/Desktop/serial_driver/serial_driver_ws/install/serial_driver' for CMake config files
[2.670s] Level 1:colcon.colcon_core.environment:checking '/home/submj/Desktop/serial_driver/serial_driver_ws/install/serial_driver/lib'
[2.671s] Level 1:colcon.colcon_core.environment:checking '/home/submj/Desktop/serial_driver/serial_driver_ws/install/serial_driver/bin'
[2.671s] Level 1:colcon.colcon_core.environment:checking '/home/submj/Desktop/serial_driver/serial_driver_ws/install/serial_driver/lib/pkgconfig/serial_driver.pc'
[2.671s] Level 1:colcon.colcon_core.environment:checking '/home/submj/Desktop/serial_driver/serial_driver_ws/install/serial_driver/lib/python3.10/site-packages'
[2.672s] Level 1:colcon.colcon_core.shell:create_environment_hook('serial_driver', 'pythonpath')
[2.672s] INFO:colcon.colcon_core.shell:Creating environment hook '/home/submj/Desktop/serial_driver/serial_driver_ws/install/serial_driver/share/serial_driver/hook/pythonpath.ps1'
[2.674s] INFO:colcon.colcon_core.shell:Creating environment descriptor '/home/submj/Desktop/serial_driver/serial_driver_ws/install/serial_driver/share/serial_driver/hook/pythonpath.dsv'
[2.675s] INFO:colcon.colcon_core.shell:Creating environment hook '/home/submj/Desktop/serial_driver/serial_driver_ws/install/serial_driver/share/serial_driver/hook/pythonpath.sh'
[2.677s] Level 1:colcon.colcon_core.environment:checking '/home/submj/Desktop/serial_driver/serial_driver_ws/install/serial_driver/bin'
[2.677s] Level 1:colcon.colcon_core.environment:create_environment_scripts_only(serial_driver)
[2.678s] INFO:colcon.colcon_core.shell:Creating package script '/home/submj/Desktop/serial_driver/serial_driver_ws/install/serial_driver/share/serial_driver/package.ps1'
[2.681s] INFO:colcon.colcon_core.shell:Creating package descriptor '/home/submj/Desktop/serial_driver/serial_driver_ws/install/serial_driver/share/serial_driver/package.dsv'
[2.683s] INFO:colcon.colcon_core.shell:Creating package script '/home/submj/Desktop/serial_driver/serial_driver_ws/install/serial_driver/share/serial_driver/package.sh'
[2.684s] INFO:colcon.colcon_core.shell:Creating package script '/home/submj/Desktop/serial_driver/serial_driver_ws/install/serial_driver/share/serial_driver/package.bash'
[2.687s] INFO:colcon.colcon_core.shell:Creating package script '/home/submj/Desktop/serial_driver/serial_driver_ws/install/serial_driver/share/serial_driver/package.zsh'
[2.688s] Level 1:colcon.colcon_core.environment:create_file_with_runtime_dependencies(/home/submj/Desktop/serial_driver/serial_driver_ws/install/serial_driver/share/colcon-core/packages/serial_driver)
[2.690s] DEBUG:colcon.colcon_parallel_executor.executor.parallel:closing loop
[2.690s] DEBUG:colcon.colcon_parallel_executor.executor.parallel:loop closed
[2.691s] DEBUG:colcon.colcon_parallel_executor.executor.parallel:run_until_complete finished with '0'
[2.691s] DEBUG:colcon.colcon_core.event_reactor:joining thread
[2.709s] INFO:colcon.colcon_core.plugin_system:Skipping extension 'colcon_notification.desktop_notification.terminal_notifier': Not used on non-Darwin systems
[2.709s] INFO:colcon.colcon_core.plugin_system:Skipping extension 'colcon_notification.desktop_notification.win32': Not used on non-Windows systems
[2.710s] INFO:colcon.colcon_notification.desktop_notification:Sending desktop notification using 'notify2'
[2.749s] DEBUG:colcon.colcon_core.event_reactor:joined thread
[2.750s] INFO:colcon.colcon_core.shell:Creating prefix script '/home/submj/Desktop/serial_driver/serial_driver_ws/install/local_setup.ps1'
[2.753s] INFO:colcon.colcon_core.shell:Creating prefix util module '/home/submj/Desktop/serial_driver/serial_driver_ws/install/_local_setup_util_ps1.py'
[2.758s] INFO:colcon.colcon_core.shell:Creating prefix chain script '/home/submj/Desktop/serial_driver/serial_driver_ws/install/setup.ps1'
[2.761s] INFO:colcon.colcon_core.shell:Creating prefix script '/home/submj/Desktop/serial_driver/serial_driver_ws/install/local_setup.sh'
[2.763s] INFO:colcon.colcon_core.shell:Creating prefix util module '/home/submj/Desktop/serial_driver/serial_driver_ws/install/_local_setup_util_sh.py'
[2.764s] INFO:colcon.colcon_core.shell:Creating prefix chain script '/home/submj/Desktop/serial_driver/serial_driver_ws/install/setup.sh'
[2.767s] INFO:colcon.colcon_core.shell:Creating prefix script '/home/submj/Desktop/serial_driver/serial_driver_ws/install/local_setup.bash'
[2.769s] INFO:colcon.colcon_core.shell:Creating prefix chain script '/home/submj/Desktop/serial_driver/serial_driver_ws/install/setup.bash'
[2.771s] INFO:colcon.colcon_core.shell:Creating prefix script '/home/submj/Desktop/serial_driver/serial_driver_ws/install/local_setup.zsh'
[2.772s] INFO:colcon.colcon_core.shell:Creating prefix chain script '/home/submj/Desktop/serial_driver/serial_driver_ws/install/setup.zsh'
