running egg_info
writing ../../build/serial_driver/serial_driver.egg-info/PKG-INFO
writing dependency_links to ../../build/serial_driver/serial_driver.egg-info/dependency_links.txt
writing entry points to ../../build/serial_driver/serial_driver.egg-info/entry_points.txt
writing requirements to ../../build/serial_driver/serial_driver.egg-info/requires.txt
writing top-level names to ../../build/serial_driver/serial_driver.egg-info/top_level.txt
reading manifest file '../../build/serial_driver/serial_driver.egg-info/SOURCES.txt'
adding license file 'LICENSE'
writing manifest file '../../build/serial_driver/serial_driver.egg-info/SOURCES.txt'
running build
running build_py
copying serial_driver/serial_node.py -> /home/submj/Desktop/serial_driver/serial_driver_ws/build/serial_driver/build/lib/serial_driver
running install
running install_lib
copying /home/submj/Desktop/serial_driver/serial_driver_ws/build/serial_driver/build/lib/serial_driver/serial_node.py -> /home/submj/Desktop/serial_driver/serial_driver_ws/install/serial_driver/lib/python3.10/site-packages/serial_driver
byte-compiling /home/submj/Desktop/serial_driver/serial_driver_ws/install/serial_driver/lib/python3.10/site-packages/serial_driver/serial_node.py to serial_node.cpython-310.pyc
running install_data
running install_egg_info
removing '/home/submj/Desktop/serial_driver/serial_driver_ws/install/serial_driver/lib/python3.10/site-packages/serial_driver-0.0.0-py3.10.egg-info' (and everything under it)
Copying ../../build/serial_driver/serial_driver.egg-info to /home/submj/Desktop/serial_driver/serial_driver_ws/install/serial_driver/lib/python3.10/site-packages/serial_driver-0.0.0-py3.10.egg-info
running install_scripts
Installing serial_node script to /home/submj/Desktop/serial_driver/serial_driver_ws/install/serial_driver/lib/serial_driver
writing list of installed files to '/home/submj/Desktop/serial_driver/serial_driver_ws/build/serial_driver/install.log'
